The system is: Windows - 10.0.19044 - AMD64
Compiling the CXX compiler identification source file "CMakeCXXCompilerId.cpp" succeeded.
Compiler: G:/Vs/VC/Tools/MSVC/14.33.31629/bin/HostX64/x64/cl.exe 
Build flags: -DQT_QML_DEBUG
Id flags:  

The output was:
0
用于 x64 的 Microsoft (R) C/C++ 优化编译器 19.33.31629 版
版权所有(C) Microsoft Corporation。保留所有权利。

CMakeCXXCompilerId.cpp
Microsoft (R) Incremental Linker Version 14.33.31629.0
Copyright (C) Microsoft Corporation.  All rights reserved.

/out:CMakeCXXCompilerId.exe 
CMakeCXXCompilerId.obj 


Compilation of the CXX compiler identification source "CMakeCXXCompilerId.cpp" produced "CMakeCXXCompilerId.exe"

Compilation of the CXX compiler identification source "CMakeCXXCompilerId.cpp" produced "CMakeCXXCompilerId.obj"

The CXX compiler identification is MSVC, found in "G:/QtCodes/LibQSQL_R/LibQSql/build/CMakeFiles/3.23.2/CompilerIdCXX/CMakeCXXCompilerId.exe"

Detecting CXX compiler ABI info compiled with the following output:
Change Dir: G:/QtCodes/LibQSQL_R/LibQSql/build/CMakeFiles/CMakeTmp

Run Build Command(s):G:/Vs/Common7/IDE/CommonExtensions/Microsoft/CMake/Ninja/ninja.exe cmTC_63e33 && [1/2] Building CXX object CMakeFiles\cmTC_63e33.dir\CMakeCXXCompilerABI.cpp.obj
[2/2] Linking CXX executable cmTC_63e33.exe



Performing C++ SOURCE FILE Test HAVE_STDATOMIC succeeded with the following output:
Change Dir: G:/QtCodes/LibQSQL_R/LibQSql/build/CMakeFiles/CMakeTmp

Run Build Command(s):G:/Vs/Common7/IDE/CommonExtensions/Microsoft/CMake/Ninja/ninja.exe cmTC_4a90a && [1/2] Building CXX object CMakeFiles\cmTC_4a90a.dir\src.cxx.obj
G:\QtCodes\LibQSQL_R\LibQSql\build\CMakeFiles\CMakeTmp\src.cxx(17): warning C4312: “类型强制转换”: 从“unsigned int”转换到更大的“void *”
[2/2] Linking CXX executable cmTC_4a90a.exe


Source file was:
#include <atomic>
#include <cstdint>

void test(volatile std::atomic<std::int64_t> &a)
{
    std::int64_t v = a.load(std::memory_order_acquire);
    while (!a.compare_exchange_strong(v, v + 1,
                                      std::memory_order_acq_rel,
                                      std::memory_order_acquire)) {
        v = a.exchange(v - 1);
    }
    a.store(v + 1, std::memory_order_release);
}

int main(int, char **)
{
    void *ptr = (void*)0xffffffc0; // any random pointer
    test(*reinterpret_cast<std::atomic<std::int64_t> *>(ptr));
    return 0;
}
